<?xml version="1.0" encoding="UTF-8"?>
<testsuite xmlns:xsi="http://www.w3.org/2001/XMLSchema-instance" xsi:noNamespaceSchemaLocation="https://maven.apache.org/surefire/maven-surefire-plugin/xsd/surefire-test-report-3.0.xsd" version="3.0" name="com.example.Program3.Program3ApplicationTests" time="4.062" tests="1" errors="0" skipped="0" failures="0">
  <properties>
[...]
</properties>
  <testcase name="contextLoads" classname="com.example.Program3.Program3ApplicationTests" time="1.181">
    <system-out><![CDATA[07:46:55.392 [main] INFO org.springframework.test.context.support.AnnotationConfigContextLoaderUtils -- Could not detect default configuration classes for test class [com.example.Program3.Program3ApplicationTests]: Program3ApplicationTests does not declare any static, non-private, non-final, nested classes annotated with @Configuration.
07:46:55.563 [main] INFO org.springframework.boot.test.context.SpringBootTestContextBootstrapper -- Found @SpringBootConfiguration com.example.Program3.Program3Application for test class com.example.Program3.Program3ApplicationTests
  .   ____          _            __ _ _
 /\\ / ___'_ __ _ _(_)_ __  __ _ \ \ \ \
( ( )\___ | '_ | '_| | '_ \/ _` | \ \ \ \
 \\/  ___)| |_)| | | | | || (_| |  ) ) ) )
  '  |____| .__|_| |_|_| |_\__, | / / / /
 =========|_|==============|___/=/_/_/_/

 :: Spring Boot ::       (v3.3.0-SNAPSHOT)

2024-02-21T07:46:56.202+05:30  INFO 11029 --- [           main] c.e.Program3.Program3ApplicationTests    : Starting Program3ApplicationTests using Java 17.0.7 with PID 11029 (started by vibha in /home/vibha/Downloads/JavaInitializer/Program3)
2024-02-21T07:46:56.205+05:30  INFO 11029 --- [           main] c.e.Program3.Program3ApplicationTests    : No active profile set, falling back to 1 default profile: "default"
2024-02-21T07:46:57.943+05:30  INFO 11029 --- [           main] c.e.Program3.Program3ApplicationTests    : Started Program3ApplicationTests in 2.156 seconds (process running for 3.849)
]]></system-out>
  </testcase>
</testsuite>